# JRE version: OpenJDK Runtime Environment (8.0_76-b03) (build 1.8.0_76-release-b03)
# Java VM: OpenJDK 64-Bit Server VM (25.76-b03 mixed mode windows-amd64 compressed oops)
Heap:
 PSYoungGen      total 20480K, used 8045K [0x00000000d5580000, 0x00000000da480000, 0x0000000100000000)
  eden space 17920K, 44% used [0x00000000d5580000,0x00000000d5d5b440,0x00000000d6700000)
  from space 2560K, 0% used [0x00000000d7800000,0x00000000d7800000,0x00000000d7a80000)
  to   space 17408K, 0% used [0x00000000d6700000,0x00000000d6700000,0x00000000d7800000)
 ParOldGen       total 73728K, used 22750K [0x0000000080000000, 0x0000000084800000, 0x00000000d5580000)
  object space 73728K, 30% used [0x0000000080000000,0x0000000081637818,0x0000000084800000)
 Metaspace       used 5954K, capacity 7088K, committed 7296K, reserved 1056768K
  class space    used 564K, capacity 616K, committed 640K, reserved 1048576K
GC Heap History (10 events):
Event: 4.387 GC heap before
{Heap before GC invocations=6 (full 1):
 PSYoungGen      total 35328K, used 2549K [0x00000000d5580000, 0x00000000d7a80000, 0x0000000100000000)
  eden space 32768K, 0% used [0x00000000d5580000,0x00000000d5580000,0x00000000d7580000)
  from space 2560K, 99% used [0x00000000d7580000,0x00000000d77fd540,0x00000000d7800000)
  to   space 2560K, 0% used [0x00000000d7800000,0x00000000d7800000,0x00000000d7a80000)
 ParOldGen       total 44032K, used 32605K [0x0000000080000000, 0x0000000082b00000, 0x00000000d5580000)
  object space 44032K, 74% used [0x0000000080000000,0x0000000081fd7748,0x0000000082b00000)
 Metaspace       used 5859K, capacity 7024K, committed 7296K, reserved 1056768K
  class space    used 561K, capacity 616K, committed 640K, reserved 1048576K
Event: 4.723 GC heap after
Heap after GC invocations=6 (full 1):
 PSYoungGen      total 35328K, used 0K [0x00000000d5580000, 0x00000000d7a80000, 0x0000000100000000)
  eden space 32768K, 0% used [0x00000000d5580000,0x00000000d5580000,0x00000000d7580000)
  from space 2560K, 0% used [0x00000000d7580000,0x00000000d7580000,0x00000000d7800000)
  to   space 2560K, 0% used [0x00000000d7800000,0x00000000d7800000,0x00000000d7a80000)
 ParOldGen       total 60416K, used 22739K [0x0000000080000000, 0x0000000083b00000, 0x00000000d5580000)
  object space 60416K, 37% used [0x0000000080000000,0x0000000081634eb0,0x0000000083b00000)
 Metaspace       used 5859K, capacity 7024K, committed 7296K, reserved 1056768K
  class space    used 561K, capacity 616K, committed 640K, reserved 1048576K
}
Event: 5.163 GC heap before
{Heap before GC invocations=7 (full 1):
 PSYoungGen      total 35328K, used 32768K [0x00000000d5580000, 0x00000000d7a80000, 0x0000000100000000)
  eden space 32768K, 100% used [0x00000000d5580000,0x00000000d7580000,0x00000000d7580000)
  from space 2560K, 0% used [0x00000000d7580000,0x00000000d7580000,0x00000000d7800000)
  to   space 2560K, 0% used [0x00000000d7800000,0x00000000d7800000,0x00000000d7a80000)
 ParOldGen       total 60416K, used 22739K [0x0000000080000000, 0x0000000083b00000, 0x00000000d5580000)
  object space 60416K, 37% used [0x0000000080000000,0x0000000081634eb0,0x0000000083b00000)
 Metaspace       used 5880K, capacity 7024K, committed 7296K, reserved 1056768K
  class space    used 563K, capacity 616K, committed 640K, reserved 1048576K
Event: 5.198 GC heap after
Heap after GC invocations=7 (full 1):
 PSYoungGen      total 35328K, used 2552K [0x00000000d5580000, 0x00000000d7a80000, 0x0000000100000000)
  eden space 32768K, 0% used [0x00000000d5580000,0x00000000d5580000,0x00000000d7580000)
  from space 2560K, 99% used [0x00000000d7800000,0x00000000d7a7e258,0x00000000d7a80000)
  to   space 2560K, 0% used [0x00000000d7580000,0x00000000d7580000,0x00000000d7800000)
 ParOldGen       total 60416K, used 33008K [0x0000000080000000, 0x0000000083b00000, 0x00000000d5580000)
  object space 60416K, 54% used [0x0000000080000000,0x000000008203c1b8,0x0000000083b00000)
 Metaspace       used 5880K, capacity 7024K, committed 7296K, reserved 1056768K
  class space    used 563K, capacity 616K, committed 640K, reserved 1048576K
}
Event: 6.806 GC heap before
{Heap before GC invocations=8 (full 1):
 PSYoungGen      total 35328K, used 35320K [0x00000000d5580000, 0x00000000d7a80000, 0x0000000100000000)
  eden space 32768K, 100% used [0x00000000d5580000,0x00000000d7580000,0x00000000d7580000)
  from space 2560K, 99% used [0x00000000d7800000,0x00000000d7a7e258,0x00000000d7a80000)
  to   space 2560K, 0% used [0x00000000d7580000,0x00000000d7580000,0x00000000d7800000)
 ParOldGen       total 60416K, used 33008K [0x0000000080000000, 0x0000000083b00000, 0x00000000d5580000)
  object space 60416K, 54% used [0x0000000080000000,0x000000008203c1b8,0x0000000083b00000)
 Metaspace       used 5895K, capacity 7024K, committed 7296K, reserved 1056768K
  class space    used 563K, capacity 616K, committed 640K, reserved 1048576K
Event: 6.829 GC heap after
Heap after GC invocations=8 (full 1):
 PSYoungGen      total 35328K, used 2532K [0x00000000d5580000, 0x00000000d7a80000, 0x0000000100000000)
  eden space 32768K, 0% used [0x00000000d5580000,0x00000000d5580000,0x00000000d7580000)
  from space 2560K, 98% used [0x00000000d7580000,0x00000000d77f9070,0x00000000d7800000)
  to   space 2560K, 0% used [0x00000000d7800000,0x00000000d7800000,0x00000000d7a80000)
 ParOldGen       total 60416K, used 44052K [0x0000000080000000, 0x0000000083b00000, 0x00000000d5580000)
  object space 60416K, 72% used [0x0000000080000000,0x0000000082b05238,0x0000000083b00000)
 Metaspace       used 5895K, capacity 7024K, committed 7296K, reserved 1056768K
  class space    used 563K, capacity 616K, committed 640K, reserved 1048576K
}
Event: 16.125 GC heap before
{Heap before GC invocations=9 (full 1):
 PSYoungGen      total 35328K, used 35300K [0x00000000d5580000, 0x00000000d7a80000, 0x0000000100000000)
  eden space 32768K, 100% used [0x00000000d5580000,0x00000000d7580000,0x00000000d7580000)
  from space 2560K, 98% used [0x00000000d7580000,0x00000000d77f9070,0x00000000d7800000)
  to   space 2560K, 0% used [0x00000000d7800000,0x00000000d7800000,0x00000000d7a80000)
 ParOldGen       total 60416K, used 44052K [0x0000000080000000, 0x0000000083b00000, 0x00000000d5580000)
  object space 60416K, 72% used [0x0000000080000000,0x0000000082b05238,0x0000000083b00000)
 Metaspace       used 5940K, capacity 7088K, committed 7296K, reserved 1056768K
  class space    used 563K, capacity 616K, committed 640K, reserved 1048576K
Event: 16.166 GC heap after
Heap after GC invocations=9 (full 1):
 PSYoungGen      total 20480K, used 2544K [0x00000000d5580000, 0x00000000da480000, 0x0000000100000000)
  eden space 17920K, 0% used [0x00000000d5580000,0x00000000d5580000,0x00000000d6700000)
  from space 2560K, 99% used [0x00000000d7800000,0x00000000d7a7c000,0x00000000d7a80000)
  to   space 17408K, 0% used [0x00000000d6700000,0x00000000d6700000,0x00000000d7800000)
 ParOldGen       total 60416K, used 51427K [0x0000000080000000, 0x0000000083b00000, 0x00000000d5580000)
  object space 60416K, 85% used [0x0000000080000000,0x0000000083238eb8,0x0000000083b00000)
 Metaspace       used 5940K, capacity 7088K, committed 7296K, reserved 1056768K
  class space    used 563K, capacity 616K, committed 640K, reserved 1048576K
}
Event: 16.166 GC heap before
{Heap before GC invocations=10 (full 2):
 PSYoungGen      total 20480K, used 2544K [0x00000000d5580000, 0x00000000da480000, 0x0000000100000000)
  eden space 17920K, 0% used [0x00000000d5580000,0x00000000d5580000,0x00000000d6700000)
  from space 2560K, 99% used [0x00000000d7800000,0x00000000d7a7c000,0x00000000d7a80000)
  to   space 17408K, 0% used [0x00000000d6700000,0x00000000d6700000,0x00000000d7800000)
 ParOldGen       total 60416K, used 51427K [0x0000000080000000, 0x0000000083b00000, 0x00000000d5580000)
  object space 60416K, 85% used [0x0000000080000000,0x0000000083238eb8,0x0000000083b00000)
 Metaspace       used 5940K, capacity 7088K, committed 7296K, reserved 1056768K
  class space    used 563K, capacity 616K, committed 640K, reserved 1048576K
Event: 16.405 GC heap after
Heap after GC invocations=10 (full 2):
 PSYoungGen      total 20480K, used 0K [0x00000000d5580000, 0x00000000da480000, 0x0000000100000000)
  eden space 17920K, 0% used [0x00000000d5580000,0x00000000d5580000,0x00000000d6700000)
  from space 2560K, 0% used [0x00000000d7800000,0x00000000d7800000,0x00000000d7a80000)
  to   space 17408K, 0% used [0x00000000d6700000,0x00000000d6700000,0x00000000d7800000)
 ParOldGen       total 73728K, used 22750K [0x0000000080000000, 0x0000000084800000, 0x00000000d5580000)
  object space 73728K, 30% used [0x0000000080000000,0x0000000081637818,0x0000000084800000)
 Metaspace       used 5940K, capacity 7088K, committed 7296K, reserved 1056768K
  class space    used 563K, capacity 616K, committed 640K, reserved 1048576K
}

