# JRE version: OpenJDK Runtime Environment (8.0_76-b03) (build 1.8.0_76-release-b03)
# Java VM: OpenJDK 64-Bit Server VM (25.76-b03 mixed mode windows-amd64 compressed oops)
Heap:
 PSYoungGen      total 73728K, used 37379K [0x00000000d5580000, 0x00000000da680000, 0x0000000100000000)
  eden space 65024K, 44% used [0x00000000d5580000,0x00000000d7184788,0x00000000d9500000)
  from space 8704K, 99% used [0x00000000d9500000,0x00000000d9d7c5b0,0x00000000d9d80000)
  to   space 8192K, 0% used [0x00000000d9d80000,0x00000000d9d80000,0x00000000da580000)
 ParOldGen       total 44032K, used 22194K [0x0000000080000000, 0x0000000082b00000, 0x00000000d5580000)
  object space 44032K, 50% used [0x0000000080000000,0x00000000815ac808,0x0000000082b00000)
 Metaspace       used 6366K, capacity 7280K, committed 7552K, reserved 1056768K
  class space    used 596K, capacity 616K, committed 640K, reserved 1048576K
GC Heap History (10 events):
Event: 3.363 GC heap before
{Heap before GC invocations=3 (full 0):
 PSYoungGen      total 18944K, used 18928K [0x00000000d5580000, 0x00000000d7a80000, 0x0000000100000000)
  eden space 16384K, 100% used [0x00000000d5580000,0x00000000d6580000,0x00000000d6580000)
  from space 2560K, 99% used [0x00000000d6800000,0x00000000d6a7c028,0x00000000d6a80000)
  to   space 2560K, 0% used [0x00000000d6580000,0x00000000d6580000,0x00000000d6800000)
 ParOldGen       total 44032K, used 3485K [0x0000000080000000, 0x0000000082b00000, 0x00000000d5580000)
  object space 44032K, 7% used [0x0000000080000000,0x0000000080367690,0x0000000082b00000)
 Metaspace       used 5910K, capacity 7024K, committed 7296K, reserved 1056768K
  class space    used 562K, capacity 616K, committed 640K, reserved 1048576K
Event: 3.382 GC heap after
Heap after GC invocations=3 (full 0):
 PSYoungGen      total 18944K, used 2551K [0x00000000d5580000, 0x00000000d7a80000, 0x0000000100000000)
  eden space 16384K, 0% used [0x00000000d5580000,0x00000000d5580000,0x00000000d6580000)
  from space 2560K, 99% used [0x00000000d6580000,0x00000000d67fdf38,0x00000000d6800000)
  to   space 2560K, 0% used [0x00000000d7800000,0x00000000d7800000,0x00000000d7a80000)
 ParOldGen       total 44032K, used 6062K [0x0000000080000000, 0x0000000082b00000, 0x00000000d5580000)
  object space 44032K, 13% used [0x0000000080000000,0x00000000805eb8a8,0x0000000082b00000)
 Metaspace       used 5910K, capacity 7024K, committed 7296K, reserved 1056768K
  class space    used 562K, capacity 616K, committed 640K, reserved 1048576K
}
Event: 3.888 GC heap before
{Heap before GC invocations=4 (full 0):
 PSYoungGen      total 18944K, used 18935K [0x00000000d5580000, 0x00000000d7a80000, 0x0000000100000000)
  eden space 16384K, 100% used [0x00000000d5580000,0x00000000d6580000,0x00000000d6580000)
  from space 2560K, 99% used [0x00000000d6580000,0x00000000d67fdf38,0x00000000d6800000)
  to   space 2560K, 0% used [0x00000000d7800000,0x00000000d7800000,0x00000000d7a80000)
 ParOldGen       total 44032K, used 6062K [0x0000000080000000, 0x0000000082b00000, 0x00000000d5580000)
  object space 44032K, 13% used [0x0000000080000000,0x00000000805eb8a8,0x0000000082b00000)
 Metaspace       used 5971K, capacity 7088K, committed 7296K, reserved 1056768K
  class space    used 562K, capacity 616K, committed 640K, reserved 1048576K
Event: 3.974 GC heap after
Heap after GC invocations=4 (full 0):
 PSYoungGen      total 35328K, used 2530K [0x00000000d5580000, 0x00000000d7a80000, 0x0000000100000000)
  eden space 32768K, 0% used [0x00000000d5580000,0x00000000d5580000,0x00000000d7580000)
  from space 2560K, 98% used [0x00000000d7800000,0x00000000d7a78b00,0x00000000d7a80000)
  to   space 2560K, 0% used [0x00000000d7580000,0x00000000d7580000,0x00000000d7800000)
 ParOldGen       total 44032K, used 9384K [0x0000000080000000, 0x0000000082b00000, 0x00000000d5580000)
  object space 44032K, 21% used [0x0000000080000000,0x000000008092a308,0x0000000082b00000)
 Metaspace       used 5971K, capacity 7088K, committed 7296K, reserved 1056768K
  class space    used 562K, capacity 616K, committed 640K, reserved 1048576K
}
Event: 4.863 GC heap before
{Heap before GC invocations=5 (full 0):
 PSYoungGen      total 35328K, used 35298K [0x00000000d5580000, 0x00000000d7a80000, 0x0000000100000000)
  eden space 32768K, 100% used [0x00000000d5580000,0x00000000d7580000,0x00000000d7580000)
  from space 2560K, 98% used [0x00000000d7800000,0x00000000d7a78b00,0x00000000d7a80000)
  to   space 2560K, 0% used [0x00000000d7580000,0x00000000d7580000,0x00000000d7800000)
 ParOldGen       total 44032K, used 9384K [0x0000000080000000, 0x0000000082b00000, 0x00000000d5580000)
  object space 44032K, 21% used [0x0000000080000000,0x000000008092a308,0x0000000082b00000)
 Metaspace       used 6104K, capacity 7088K, committed 7296K, reserved 1056768K
  class space    used 581K, capacity 616K, committed 640K, reserved 1048576K
Event: 4.898 GC heap after
Heap after GC invocations=5 (full 0):
 PSYoungGen      total 35328K, used 2557K [0x00000000d5580000, 0x00000000da580000, 0x0000000100000000)
  eden space 32768K, 0% used [0x00000000d5580000,0x00000000d5580000,0x00000000d7580000)
  from space 2560K, 99% used [0x00000000d7580000,0x00000000d77ff520,0x00000000d7800000)
  to   space 8192K, 0% used [0x00000000d9d80000,0x00000000d9d80000,0x00000000da580000)
 ParOldGen       total 44032K, used 14376K [0x0000000080000000, 0x0000000082b00000, 0x00000000d5580000)
  object space 44032K, 32% used [0x0000000080000000,0x0000000080e0a1f0,0x0000000082b00000)
 Metaspace       used 6104K, capacity 7088K, committed 7296K, reserved 1056768K
  class space    used 581K, capacity 616K, committed 640K, reserved 1048576K
}
Event: 6.711 GC heap before
{Heap before GC invocations=6 (full 0):
 PSYoungGen      total 35328K, used 35325K [0x00000000d5580000, 0x00000000da580000, 0x0000000100000000)
  eden space 32768K, 100% used [0x00000000d5580000,0x00000000d7580000,0x00000000d7580000)
  from space 2560K, 99% used [0x00000000d7580000,0x00000000d77ff520,0x00000000d7800000)
  to   space 8192K, 0% used [0x00000000d9d80000,0x00000000d9d80000,0x00000000da580000)
 ParOldGen       total 44032K, used 14376K [0x0000000080000000, 0x0000000082b00000, 0x00000000d5580000)
  object space 44032K, 32% used [0x0000000080000000,0x0000000080e0a1f0,0x0000000082b00000)
 Metaspace       used 6122K, capacity 7088K, committed 7296K, reserved 1056768K
  class space    used 581K, capacity 616K, committed 640K, reserved 1048576K
Event: 6.873 GC heap after
Heap after GC invocations=6 (full 0):
 PSYoungGen      total 73216K, used 7181K [0x00000000d5580000, 0x00000000da680000, 0x0000000100000000)
  eden space 65024K, 0% used [0x00000000d5580000,0x00000000d5580000,0x00000000d9500000)
  from space 8192K, 87% used [0x00000000d9d80000,0x00000000da483520,0x00000000da580000)
  to   space 8704K, 0% used [0x00000000d9500000,0x00000000d9500000,0x00000000d9d80000)
 ParOldGen       total 44032K, used 14376K [0x0000000080000000, 0x0000000082b00000, 0x00000000d5580000)
  object space 44032K, 32% used [0x0000000080000000,0x0000000080e0a1f0,0x0000000082b00000)
 Metaspace       used 6122K, capacity 7088K, committed 7296K, reserved 1056768K
  class space    used 581K, capacity 616K, committed 640K, reserved 1048576K
}
Event: 9.534 GC heap before
{Heap before GC invocations=7 (full 0):
 PSYoungGen      total 73216K, used 72205K [0x00000000d5580000, 0x00000000da680000, 0x0000000100000000)
  eden space 65024K, 100% used [0x00000000d5580000,0x00000000d9500000,0x00000000d9500000)
  from space 8192K, 87% used [0x00000000d9d80000,0x00000000da483520,0x00000000da580000)
  to   space 8704K, 0% used [0x00000000d9500000,0x00000000d9500000,0x00000000d9d80000)
 ParOldGen       total 44032K, used 14376K [0x0000000080000000, 0x0000000082b00000, 0x00000000d5580000)
  object space 44032K, 32% used [0x0000000080000000,0x0000000080e0a1f0,0x0000000082b00000)
 Metaspace       used 6164K, capacity 7152K, committed 7296K, reserved 1056768K
  class space    used 581K, capacity 616K, committed 640K, reserved 1048576K
Event: 9.921 GC heap after
Heap after GC invocations=7 (full 0):
 PSYoungGen      total 73728K, used 8689K [0x00000000d5580000, 0x00000000da680000, 0x0000000100000000)
  eden space 65024K, 0% used [0x00000000d5580000,0x00000000d5580000,0x00000000d9500000)
  from space 8704K, 99% used [0x00000000d9500000,0x00000000d9d7c5b0,0x00000000d9d80000)
  to   space 8192K, 0% used [0x00000000d9d80000,0x00000000d9d80000,0x00000000da580000)
 ParOldGen       total 44032K, used 22194K [0x0000000080000000, 0x0000000082b00000, 0x00000000d5580000)
  object space 44032K, 50% used [0x0000000080000000,0x00000000815ac808,0x0000000082b00000)
 Metaspace       used 6164K, capacity 7152K, committed 7296K, reserved 1056768K
  class space    used 581K, capacity 616K, committed 640K, reserved 1048576K
}

